finished
Traceback (most recent call last):
  File "/home/mack/ParkingData/venv/lib/python3.12/site-packages/pandas/core/indexes/base.py", line 3805, in get_loc
    return self._engine.get_loc(casted_key)
           ^^^^^^^^^^^^^^^^^^^^^^^^^^^^^^^^
  File "index.pyx", line 167, in pandas._libs.index.IndexEngine.get_loc
  File "index.pyx", line 196, in pandas._libs.index.IndexEngine.get_loc
  File "pandas/_libs/hashtable_class_helper.pxi", line 7081, in pandas._libs.hashtable.PyObjectHashTable.get_item
  File "pandas/_libs/hashtable_class_helper.pxi", line 7089, in pandas._libs.hashtable.PyObjectHashTable.get_item
KeyError: 'Tick_Num'

The above exception was the direct cause of the following exception:

Traceback (most recent call last):
  File "/home/mack/ParkingData/scr/DataCollection/updateData.py", line 30, in <module>
    start  = df['Tick_Num'].max()
             ~~^^^^^^^^^^^^
  File "/home/mack/ParkingData/venv/lib/python3.12/site-packages/pandas/core/frame.py", line 4102, in __getitem__
    indexer = self.columns.get_loc(key)
              ^^^^^^^^^^^^^^^^^^^^^^^^^
  File "/home/mack/ParkingData/venv/lib/python3.12/site-packages/pandas/core/indexes/base.py", line 3812, in get_loc
    raise KeyError(key) from err
KeyError: 'Tick_Num'
finished
2024-05-29 10:20:00
2024-05-29 10:25:00
2024-05-29 10:26:00
2024-05-29 10:28:00
2024-05-29 10:32:00
2024-05-29 10:39:00
2024-05-29 10:42:00
2024-05-29 10:44:00
2024-05-29 10:47:00
2024-05-29 10:59:00
2024-05-29 11:02:00
2024-05-29 11:08:00
2024-05-29 11:16:00
2024-05-29 11:31:00
2024-05-29 11:41:00
2024-05-29 11:44:00
2024-05-29 11:46:00
2024-05-29 11:48:00
2024-05-29 11:50:00
2024-05-29 11:57:00
2024-05-29 11:59:00
2024-05-29 13:25:00
2024-05-29 13:29:00
2024-05-29 13:33:00
2024-05-29 13:35:00
2024-05-29 13:45:00
2024-05-29 13:49:00
2024-05-29 13:52:00
2024-05-29 13:53:00
2024-05-29 14:06:00
2024-05-29 14:14:00
2024-05-29 14:16:00
2024-05-29 14:25:00
2024-05-29 14:39:00
2024-05-29 14:44:00
2024-05-29 14:58:00
2024-05-29 15:01:00
2024-05-30 08:40:00
2024-05-30 08:47:00
2024-05-30 08:53:00
2024-05-30 08:58:00
2024-05-30 09:02:00
2024-05-30 09:05:00
2024-05-30 09:10:00
2024-05-30 09:12:00
2024-05-30 09:52:00
2024-05-30 09:57:00
2024-05-30 10:03:00
2024-05-30 10:14:00
2024-05-30 10:19:00
2024-05-30 10:35:00
2024-05-30 10:37:00
2024-05-30 10:40:00
2024-05-30 10:43:00
2024-05-30 10:51:00
2024-05-30 11:03:00
2024-05-30 11:21:00
2024-05-30 11:27:00
2024-05-30 13:30:00
2024-05-30 14:32:00
2024-05-30 14:34:00
2024-05-31 08:58:00
2024-05-31 09:02:00
2024-05-31 09:06:00
2024-05-31 09:09:00
2024-05-31 09:11:00
2024-05-31 09:14:00
2024-05-31 09:24:00
2024-05-31 09:28:00
2024-05-31 09:31:00
2024-05-31 09:40:00
2024-05-31 09:50:00
2024-05-31 09:53:00
2024-05-31 09:55:00
2024-05-31 09:58:00
2024-05-31 10:15:00
2024-05-31 10:18:00
2024-05-31 10:23:00
2024-05-31 10:25:00
2024-05-31 10:29:00
2024-05-31 10:32:00
2024-05-31 10:42:00
2024-05-31 10:54:00
2024-05-31 11:01:00
2024-05-31 11:15:00
2024-05-31 11:17:00
2024-05-31 11:19:00
2024-05-31 11:21:00
2024-05-31 11:24:00
2024-05-31 11:39:00
2024-05-31 11:56:00
2024-05-31 12:00:00
2024-05-31 12:04:00
2024-05-31 12:25:00
2024-05-31 13:34:00
2024-05-31 13:40:00
2024-05-29 10:22:00
2024-05-29 10:24:00
2024-05-29 10:25:00
2024-05-29 10:27:00
2024-05-29 10:48:00
2024-05-29 10:50:00
2024-05-29 10:51:00
2024-05-29 10:55:00
2024-05-29 10:58:00
2024-05-29 11:06:00
2024-05-29 11:10:00
2024-05-29 11:14:00
2024-05-29 11:18:00
2024-05-29 11:24:00
2024-05-29 11:28:00
2024-05-29 11:31:00
2024-05-29 11:32:00
2024-05-29 11:58:00
2024-05-29 12:12:00
2024-05-29 12:18:00
2024-05-29 13:43:00
2024-05-29 13:43:00
2024-05-30 08:15:00
2024-05-30 08:24:00
2024-05-30 08:27:00
2024-05-30 08:28:00
2024-05-30 08:31:00
2024-05-30 10:21:00
2024-05-30 10:43:00
2024-05-30 10:51:00
2024-05-30 10:54:00
2024-05-30 10:58:00
2024-05-30 11:00:00
2024-05-30 11:01:00
2024-05-30 11:04:00
2024-05-30 11:07:00
2024-05-30 11:08:00
2024-05-30 11:13:00
2024-05-30 11:34:00
2024-05-30 11:36:00
2024-05-30 11:40:00
2024-05-30 11:43:00
2024-05-30 11:45:00
2024-05-30 13:18:00
2024-05-30 13:35:00
2024-05-31 08:22:00
2024-05-31 10:17:00
2024-05-31 10:19:00
2024-05-31 11:25:00
2024-05-31 11:27:00
2024-05-31 11:28:00
2024-05-31 11:29:00
2024-05-31 11:31:00
2024-05-31 12:58:00
2024-05-30 08:43:00
2024-05-30 08:46:00
2024-05-30 08:49:00
2024-05-30 08:51:00
2024-05-30 08:53:00
2024-05-30 08:55:00
2024-05-30 08:57:00
2024-05-30 08:58:00
2024-05-30 09:01:00
2024-05-30 09:04:00
2024-05-30 09:08:00
2024-05-30 09:09:00
2024-05-30 09:12:00
2024-05-30 09:18:00
2024-05-30 09:23:00
2024-05-30 09:26:00
2024-05-30 09:30:00
2024-05-30 09:32:00
2024-05-30 09:34:00
2024-05-30 09:41:00
2024-05-30 09:42:00
2024-05-30 09:43:00
2024-05-30 09:55:00
2024-05-30 10:00:00
2024-05-30 10:03:00
2024-05-30 10:13:00
2024-05-30 10:14:00
2024-05-30 10:16:00
2024-05-30 10:19:00
2024-05-30 10:24:00
2024-05-30 10:27:00
2024-05-30 10:28:00
2024-05-30 10:30:00
2024-05-30 10:32:00
2024-05-30 10:34:00
2024-05-30 10:37:00
2024-05-30 10:43:00
2024-05-30 10:47:00
2024-05-30 10:49:00
2024-05-30 10:51:00
2024-05-30 10:52:00
2024-05-30 10:54:00
2024-05-31 08:40:00
2024-05-31 08:43:00
2024-05-31 08:48:00
2024-05-31 08:52:00
2024-05-31 08:55:00
2024-05-31 08:58:00
2024-05-31 09:06:00
2024-05-31 09:10:00
2024-05-31 09:15:00
2024-05-31 09:21:00
2024-05-31 09:24:00
2024-05-31 09:25:00
2024-05-31 09:28:00
2024-05-31 09:30:00
2024-05-31 09:34:00
2024-05-31 09:38:00
2024-05-31 09:44:00
2024-05-31 09:44:00
2024-05-31 09:47:00
2024-05-31 09:56:00
2024-05-31 09:58:00
2024-05-31 10:08:00
2024-05-31 10:11:00
2024-05-31 10:15:00
2024-05-31 10:19:00
2024-05-31 10:23:00
2024-05-31 10:26:00
2024-05-31 10:27:00
2024-05-31 10:32:00
2024-05-31 10:37:00
2024-05-31 10:43:00
2024-05-29 09:58:00
2024-05-29 10:43:00
2024-05-29 10:47:00
2024-05-29 10:48:00
2024-05-29 10:49:00
2024-05-29 13:55:00
2024-05-29 14:01:00
2024-05-30 08:54:00
2024-05-30 09:04:00
2024-05-30 09:05:00
2024-05-30 09:12:00
2024-05-30 09:12:00
2024-05-30 09:26:00
2024-05-30 10:04:00
2024-05-30 10:22:00
2024-05-30 10:26:00
2024-05-30 10:40:00
2024-05-30 10:42:00
2024-05-30 10:52:00
2024-05-30 10:55:00
2024-05-29 10:49:00
2024-05-29 11:12:00
2024-05-29 11:22:00
2024-05-29 11:36:00
2024-05-29 11:48:00
2024-05-29 11:54:00
2024-05-29 12:01:00
2024-05-29 13:38:00
2024-05-29 13:50:00
2024-05-29 14:33:00
2024-05-29 14:45:00
2024-05-30 10:41:00
2024-05-30 10:43:00
2024-05-30 10:44:00
2024-05-30 10:46:00
2024-05-30 10:47:00
2024-05-30 10:49:00
2024-05-30 10:51:00
2024-05-30 10:53:00
2024-05-30 10:54:00
2024-05-30 10:56:00
2024-05-30 10:56:00
2024-05-30 11:02:00
2024-05-30 11:04:00
2024-05-30 11:05:00
2024-05-30 11:07:00
2024-05-30 11:19:00
2024-05-30 11:20:00
2024-05-30 13:21:00
2024-05-30 13:24:00
2024-05-30 13:27:00
2024-05-30 13:32:00
2024-05-30 13:39:00
2024-05-30 14:33:00
2024-05-30 14:35:00
2024-05-30 14:38:00
2024-05-30 14:46:00
2024-05-30 14:48:00
2024-05-30 14:54:00
2024-05-30 14:56:00
2024-05-30 15:02:00
2024-05-30 15:21:00
2024-05-31 10:49:00
2024-05-31 10:50:00
2024-05-31 10:51:00
2024-05-31 10:52:00
2024-05-31 10:53:00
2024-05-31 10:58:00
2024-05-31 10:59:00
2024-05-31 11:00:00
2024-05-31 11:01:00
2024-05-31 11:03:00
2024-05-31 11:04:00
2024-05-31 11:06:00
2024-05-31 11:09:00
2024-05-31 11:11:00
2024-05-29 09:57:00
2024-05-29 09:58:00
2024-05-29 09:59:00
2024-05-29 10:01:00
2024-05-29 10:02:00
2024-05-29 10:03:00
2024-05-29 10:12:00
2024-05-29 10:49:00
2024-05-29 12:01:00
2024-05-29 12:54:00
2024-05-31 07:10:00
2024-05-31 07:12:00
2024-05-31 08:10:00
2024-05-31 08:48:00
2024-05-31 08:48:00
2024-05-31 09:34:00
2024-05-31 11:15:00
2024-05-31 12:08:00
2024-05-31 13:33:00
2024-05-29 11:21:00
2024-05-29 11:22:00
2024-05-29 11:23:00
2024-05-29 12:54:00
2024-05-29 13:26:00
2024-05-29 13:43:00
2024-05-30 08:53:00
2024-05-30 09:14:00
2024-05-30 09:18:00
2024-05-30 09:20:00
2024-05-30 09:29:00
2024-05-30 09:36:00
2024-05-30 09:41:00
2024-05-30 09:47:00
2024-05-30 09:50:00
2024-05-30 09:59:00
2024-05-30 10:01:00
2024-05-30 10:02:00
2024-05-30 11:02:00
2024-05-30 11:06:00
2024-05-30 11:12:00
2024-05-30 11:15:00
2024-05-30 11:17:00
2024-05-30 11:20:00
2024-05-30 11:22:00
2024-05-30 11:24:00
2024-05-30 11:25:00
2024-05-31 09:43:00
2024-05-31 09:43:00
2024-05-30 08:40:00
2024-05-30 08:47:00
2024-05-30 08:58:00
2024-05-30 09:10:00
2024-05-30 09:32:00
2024-05-30 09:36:00
2024-05-30 09:41:00
2024-05-30 09:51:00
2024-05-30 10:00:00
2024-05-30 10:10:00
2024-05-30 10:17:00
2024-05-30 10:23:00
2024-05-30 10:28:00
2024-05-30 10:39:00
2024-05-30 10:46:00
2024-05-30 10:54:00
2024-05-30 11:08:00
2024-05-30 11:46:00
2024-05-30 11:56:00
2024-05-30 12:03:00
2024-05-30 12:11:00
2024-05-30 12:17:00
2024-05-30 12:29:00
2024-05-30 14:35:00
2024-05-30 14:59:00
2024-05-31 08:53:00
2024-05-31 09:17:00
2024-05-31 09:20:00
2024-05-31 09:28:00
2024-05-31 09:41:00
2024-05-31 09:48:00
2024-05-31 10:01:00
2024-05-31 10:05:00
2024-05-31 10:14:00
2024-05-31 10:25:00
2024-05-31 10:28:00
2024-05-31 10:32:00
2024-05-31 10:43:00
2024-05-31 10:46:00
2024-05-31 10:51:00
2024-05-31 10:53:00
2024-05-31 11:00:00
2024-05-31 11:05:00
2024-05-31 11:10:00
2024-05-31 11:19:00
2024-05-31 11:37:00
2024-05-31 11:59:00
2024-05-31 12:04:00
2024-05-31 12:32:00
2024-05-31 12:36:00
2024-05-31 12:50:00
2024-05-31 12:55:00
2024-05-31 12:59:00
2024-05-31 13:08:00
2024-05-31 13:13:00
2024-05-31 13:17:00
2024-05-31 13:24:00
2024-05-29 10:39:00
2024-05-29 10:59:00
2024-05-29 11:03:00
2024-05-29 14:06:00
2024-05-29 14:06:00
2024-05-30 09:01:00
2024-05-30 09:11:00
2024-05-30 09:20:00
2024-05-30 09:23:00
2024-05-30 10:42:00
2024-05-30 10:45:00
2024-05-30 10:49:00
2024-05-30 10:51:00
2024-05-30 10:58:00
2024-05-30 11:11:00
2024-05-30 11:18:00
2024-05-29 12:02:00
2024-05-29 12:26:00
2024-05-29 12:36:00
2024-05-29 12:38:00
2024-05-29 12:43:00
2024-05-29 12:46:00
2024-05-29 12:59:00
2024-05-29 13:07:00
2024-05-29 13:09:00
2024-05-29 13:10:00
2024-05-29 13:22:00
2024-05-29 13:23:00
2024-05-29 13:26:00
2024-05-29 13:31:00
2024-05-29 13:49:00
2024-05-29 13:52:00
2024-05-29 13:55:00
2024-05-29 13:57:00
2024-05-29 13:58:00
2024-05-29 13:59:00
2024-05-29 14:00:00
2024-05-29 14:03:00
2024-05-29 14:04:00
2024-05-29 14:05:00
2024-05-29 14:06:00
2024-05-29 14:06:00
2024-05-29 14:07:00
2024-05-29 14:07:00
2024-05-29 14:10:00
2024-05-29 14:11:00
2024-05-30 13:19:00
2024-05-30 13:20:00
2024-05-30 13:23:00
2024-05-30 13:26:00
2024-05-30 13:30:00
2024-05-30 13:34:00
2024-05-30 13:43:00
2024-05-30 13:47:00
2024-05-30 13:58:00
2024-05-30 14:05:00
2024-05-30 14:06:00
2024-05-30 14:09:00
2024-05-30 14:25:00
2024-05-30 14:39:00
2024-05-30 14:41:00
2024-05-29 15:28:00
2024-05-29 15:29:00
2024-05-29 15:41:00
2024-05-29 16:08:00
2024-05-29 16:14:00
2024-05-29 16:21:00
2024-05-29 16:26:00
2024-05-29 16:34:00
2024-05-29 16:36:00
2024-05-29 16:45:00
2024-05-29 16:49:00
2024-05-29 16:51:00
2024-05-29 16:59:00
2024-05-29 18:30:00
2024-05-29 19:24:00
2024-05-29 19:24:00
2024-05-29 21:08:00
2024-05-29 21:15:00
2024-05-29 21:44:00
2024-05-29 21:59:00
2024-05-30 20:54:00
2024-05-30 21:18:00
2024-05-29 15:47:00
2024-05-29 17:01:00
2024-05-29 17:27:00
2024-05-29 18:19:00
2024-05-29 18:45:00
2024-05-29 18:48:00
2024-05-29 19:40:00
2024-05-29 20:25:00
2024-05-29 20:40:00
2024-05-29 20:55:00
2024-05-29 09:24:00
2024-05-29 09:26:00
2024-05-29 10:39:00
2024-05-29 10:44:00
2024-05-29 10:49:00
2024-05-29 10:53:00
2024-05-29 10:55:00
2024-05-29 10:57:00
2024-05-29 11:05:00
2024-05-29 11:07:00
2024-05-29 11:18:00
2024-05-29 11:21:00
2024-05-29 11:23:00
2024-05-29 11:30:00
2024-05-29 11:35:00
2024-05-29 11:41:00
2024-05-29 11:43:00
2024-05-29 11:50:00
2024-05-29 12:43:00
2024-05-29 12:47:00
2024-05-29 12:49:00
2024-05-29 12:54:00
2024-05-29 12:56:00
2024-05-29 14:42:00
2024-05-29 14:45:00
2024-05-29 14:47:00
2024-05-29 14:50:00
2024-05-29 10:47:00
2024-05-29 11:00:00
2024-05-29 11:13:00
2024-05-29 11:22:00
2024-05-29 11:46:00
2024-05-29 11:53:00
2024-05-29 12:08:00
2024-05-29 12:12:00
2024-05-29 12:15:00
2024-05-29 12:19:00
2024-05-29 12:26:00
2024-05-29 12:31:00
2024-05-29 12:37:00
2024-05-29 12:38:00
2024-05-29 12:45:00
2024-05-29 14:01:00
2024-05-29 14:06:00
2024-05-29 14:07:00
2024-05-29 14:09:00
2024-05-29 14:17:00
2024-05-29 14:33:00
2024-05-29 14:36:00
2024-05-29 14:38:00
2024-05-29 14:39:00
2024-05-29 14:42:00
2024-05-29 14:45:00
2024-05-29 15:00:00
2024-05-29 15:12:00
2024-05-29 15:20:00
2024-05-29 15:23:00
2024-05-29 15:28:00
2024-05-29 15:31:00
2024-05-29 15:34:00
2024-05-30 09:36:00
2024-05-30 12:29:00
2024-05-31 08:36:00
2024-05-31 08:58:00
2024-05-31 09:00:00
2024-05-31 09:01:00
2024-05-31 09:21:00
2024-05-31 10:01:00
2024-05-31 13:23:00
2024-05-29 10:25:00
2024-05-30 09:56:00
2024-05-30 10:05:00
2024-05-30 10:12:00
2024-05-30 10:28:00
2024-05-30 10:33:00
2024-05-30 11:47:00
2024-05-31 07:06:00
2024-05-31 07:06:00
2024-05-31 07:12:00
2024-05-31 07:12:00
2024-05-31 07:17:00
2024-05-31 07:17:00
2024-05-31 08:23:00
2024-05-31 09:17:00
2024-05-31 11:14:00
2024-05-31 13:31:00
2024-05-31 13:31:00
2024-05-29 15:04:00
2024-05-29 15:04:00
2024-05-29 15:24:00
2024-05-29 16:07:00
2024-05-29 16:07:00
2024-05-29 16:11:00
2024-05-29 16:11:00
2024-05-29 16:12:00
2024-05-29 16:12:00
2024-05-29 16:22:00
2024-05-29 16:22:00
2024-05-29 17:55:00
2024-05-29 18:37:00
2024-05-29 18:44:00
2024-05-29 18:46:00
2024-05-29 18:47:00
2024-05-29 18:50:00
2024-05-29 18:51:00
2024-05-29 18:52:00
2024-05-29 20:05:00
2024-05-29 20:06:00
2024-05-29 20:07:00
2024-05-29 20:09:00
2024-05-29 20:11:00
2024-05-29 20:12:00
2024-05-29 20:21:00
2024-05-29 20:22:00
2024-05-29 20:23:00
2024-05-29 20:24:00
2024-05-29 20:25:00
2024-05-29 20:31:00
2024-05-29 20:34:00
2024-05-29 21:30:00
2024-05-29 21:35:00
2024-05-30 15:05:00
2024-05-30 15:05:00
2024-05-30 16:11:00
2024-05-30 16:11:00
2024-05-30 16:14:00
2024-05-30 16:14:00
2024-05-30 16:26:00
2024-05-30 16:26:00
2024-05-30 16:33:00
2024-05-30 16:33:00
2024-05-30 17:15:00
2024-05-30 17:34:00
2024-05-30 17:47:00
2024-05-30 20:04:00
2024-05-30 20:11:00
2024-05-30 20:57:00
2024-05-30 20:58:00
2024-05-30 21:00:00
2024-05-30 21:45:00
2024-05-30 21:54:00
2024-05-29 09:00:00
2024-05-29 10:56:00
2024-05-29 10:56:00
2024-05-29 10:59:00
2024-05-29 11:01:00
2024-05-29 12:06:00
2024-05-29 12:14:00
2024-05-30 08:39:00
2024-05-30 08:40:00
2024-05-30 08:42:00
2024-05-30 08:48:00
2024-05-30 08:54:00
2024-05-30 08:55:00
2024-05-30 08:56:00
2024-05-30 08:59:00
2024-05-30 08:59:00
2024-05-30 09:04:00
2024-05-30 09:05:00
2024-05-30 09:12:00
2024-05-30 09:16:00
2024-05-30 09:17:00
2024-05-30 09:26:00
2024-05-30 09:27:00
2024-05-30 09:28:00
2024-05-30 09:31:00
2024-05-30 09:32:00
2024-05-30 09:34:00
2024-05-30 09:35:00
2024-05-30 09:40:00
2024-05-30 09:46:00
2024-05-30 10:22:00
2024-05-30 10:26:00
2024-05-30 10:28:00
2024-05-30 10:32:00
2024-05-30 10:35:00
2024-05-30 10:37:00
2024-05-30 10:39:00
2024-05-30 10:39:00
2024-05-30 10:45:00
2024-05-30 10:45:00
2024-05-30 10:46:00
2024-05-30 10:49:00
2024-05-30 11:01:00
2024-05-30 11:04:00
2024-05-30 11:05:00
2024-05-30 11:07:00
2024-05-30 11:15:00
2024-05-30 11:18:00
2024-05-30 11:22:00
2024-05-30 11:23:00
2024-05-30 11:25:00
2024-05-31 07:19:00
2024-05-31 10:56:00
2024-05-31 10:57:00
2024-05-31 10:59:00
2024-05-31 10:59:00
2024-05-31 11:00:00
2024-05-31 11:00:00
2024-05-31 11:02:00
2024-05-31 11:05:00
2024-05-31 11:07:00
2024-05-31 11:08:00
2024-05-31 11:09:00
2024-05-31 11:10:00
2024-05-31 11:13:00
2024-05-31 11:14:00
2024-05-31 11:17:00
2024-05-31 11:19:00
2024-05-31 11:20:00
2024-05-31 11:20:00
2024-05-31 12:52:00
2024-05-31 12:58:00
2024-05-31 12:59:00
2024-05-31 13:01:00
2024-05-31 13:03:00
2024-05-31 13:04:00
2024-05-31 08:31:00
2024-05-31 08:33:00
2024-05-31 08:35:00
2024-05-31 08:38:00
2024-05-31 08:41:00
2024-05-31 08:46:00
2024-05-31 08:50:00
2024-05-31 08:52:00
2024-05-31 08:53:00
2024-05-31 08:55:00
2024-05-31 08:58:00
2024-05-31 09:01:00
2024-05-31 09:15:00
2024-05-31 09:16:00
2024-05-31 09:18:00
2024-05-31 09:20:00
2024-05-31 09:21:00
2024-05-31 09:25:00
2024-05-31 09:29:00
2024-05-31 09:31:00
2024-05-31 09:38:00
2024-05-31 09:52:00
2024-05-31 11:12:00
2024-05-31 11:15:00
2024-05-29 17:24:00
2024-05-29 11:46:00
2024-05-29 11:59:00
2024-05-29 12:03:00
2024-05-29 12:10:00
2024-05-29 12:19:00
2024-05-29 12:21:00
2024-05-29 12:24:00
2024-05-29 12:33:00
2024-05-29 12:36:00
2024-05-29 12:39:00
2024-05-29 12:42:00
2024-05-29 12:45:00
2024-05-29 12:48:00
2024-05-29 12:52:00
2024-05-29 12:57:00
2024-05-29 13:01:00
2024-05-29 13:05:00
2024-05-29 13:10:00
2024-05-29 13:16:00
2024-05-29 13:22:00
2024-05-29 13:26:00
2024-05-29 13:30:00
2024-05-30 07:12:00
2024-05-30 07:12:00
2024-05-30 07:18:00
2024-05-30 07:18:00
2024-05-30 07:22:00
2024-05-30 07:22:00
2024-05-30 08:23:00
2024-05-30 08:33:00
2024-05-30 08:35:00
2024-05-30 08:36:00
2024-05-30 08:37:00
2024-05-30 08:44:00
2024-05-30 08:46:00
2024-05-30 08:52:00
2024-05-30 08:54:00
2024-05-30 08:56:00
2024-05-30 09:01:00
2024-05-30 09:13:00
2024-05-30 09:29:00
2024-05-30 09:31:00
2024-05-30 09:37:00
2024-05-30 09:43:00
2024-05-30 09:50:00
2024-05-30 09:53:00
2024-05-30 09:57:00
2024-05-30 10:24:00
2024-05-30 10:26:00
2024-05-30 10:30:00
2024-05-30 10:31:00
2024-05-30 10:34:00
2024-05-30 10:36:00
2024-05-30 10:38:00
2024-05-30 10:47:00
2024-05-30 10:54:00
2024-05-30 10:55:00
2024-05-30 10:59:00
2024-05-30 11:00:00
2024-05-30 11:03:00
2024-05-30 11:05:00
2024-05-30 11:06:00
2024-05-30 11:13:00
2024-05-30 11:14:00
2024-05-30 11:17:00
2024-05-30 11:19:00
2024-05-30 11:26:00
2024-05-30 11:31:00
2024-05-30 11:33:00
2024-05-30 11:37:00
2024-05-30 11:40:00
2024-05-30 11:44:00
2024-05-30 11:46:00
2024-05-30 11:50:00
2024-05-30 13:27:00
2024-05-30 14:15:00
2024-05-31 07:10:00
2024-05-31 07:10:00
2024-05-31 08:16:00
2024-05-31 08:16:00
2024-05-31 08:20:00
2024-05-31 08:23:00
2024-05-31 08:25:00
2024-05-31 08:30:00
2024-05-31 08:35:00
2024-05-31 08:40:00
2024-05-31 08:46:00
2024-05-31 08:50:00
2024-05-31 08:53:00
2024-05-31 08:59:00
2024-05-31 09:01:00
2024-05-31 09:03:00
2024-05-31 09:05:00
2024-05-31 09:21:00
2024-05-31 09:22:00
2024-05-31 09:23:00
2024-05-31 09:27:00
2024-05-31 09:32:00
2024-05-31 09:33:00
2024-05-31 09:36:00
2024-05-31 09:38:00
2024-05-31 09:39:00
2024-05-31 09:41:00
2024-05-31 09:44:00
2024-05-31 09:45:00
2024-05-31 09:46:00
2024-05-31 09:51:00
2024-05-31 09:55:00
2024-05-31 10:01:00
2024-05-31 10:03:00
2024-05-31 10:08:00
2024-05-31 10:10:00
2024-05-31 10:11:00
2024-05-31 10:12:00
2024-05-31 10:14:00
2024-05-31 10:18:00
2024-05-31 10:19:00
2024-05-31 10:20:00
2024-05-31 10:23:00
2024-05-31 10:26:00
2024-05-31 10:26:00
2024-05-31 10:28:00
2024-05-31 10:35:00
2024-05-31 10:35:00
2024-05-31 10:36:00
2024-05-31 10:42:00
2024-05-31 10:43:00
2024-05-31 10:46:00
2024-05-31 10:50:00
2024-05-31 10:51:00
2024-05-31 10:53:00
2024-05-31 10:58:00
2024-05-31 10:59:00
2024-05-31 11:04:00
2024-05-31 11:08:00
2024-05-31 11:11:00
2024-05-31 11:13:00
2024-05-31 11:15:00
2024-05-31 11:18:00
2024-05-31 11:24:00
2024-05-31 11:27:00
2024-05-29 15:31:00
2024-05-29 15:31:00
2024-05-29 19:29:00
2024-05-29 20:59:00
2024-05-29 21:01:00
2024-05-29 21:04:00
2024-05-29 21:06:00
2024-05-30 16:08:00
2024-05-30 16:08:00
2024-05-30 16:21:00
2024-05-30 16:21:00
2024-05-30 16:45:00
2024-05-30 17:18:00
2024-05-30 17:18:00
2024-05-30 18:40:00
2024-05-30 21:07:00
2024-05-30 21:09:00
2024-05-30 21:56:00
2024-05-29 22:05:00
2024-05-29 22:22:00
2024-05-29 22:25:00
2024-05-29 22:32:00
2024-05-29 23:17:00
2024-05-29 23:22:00
2024-05-29 23:30:00
2024-05-29 23:30:00
2024-05-29 23:43:00
2024-05-29 23:45:00
2024-05-29 23:57:00
2024-05-30 00:28:00
2024-05-30 00:38:00
2024-05-30 00:54:00
2024-05-30 00:57:00
2024-05-30 01:11:00
2024-05-30 01:12:00
2024-05-30 01:18:00
2024-05-30 01:24:00
2024-05-30 01:32:00
2024-05-30 21:50:00
2024-05-30 22:15:00
2024-05-30 22:25:00
2024-05-30 22:27:00
2024-05-30 22:32:00
2024-05-30 22:37:00
2024-05-30 22:44:00
2024-05-30 22:48:00
2024-05-30 22:49:00
2024-05-30 22:51:00
2024-05-30 22:52:00
2024-05-30 23:27:00
2024-05-30 23:30:00
2024-05-30 23:52:00
2024-05-30 23:54:00
2024-05-31 00:05:00
2024-05-31 00:14:00
2024-05-31 00:26:00
2024-05-31 00:34:00
2024-05-31 00:51:00
2024-05-31 00:54:00
2024-05-31 00:55:00
2024-05-31 00:58:00
2024-05-31 01:00:00
2024-05-31 01:02:00
2024-05-31 01:05:00
2024-05-31 01:08:00
2024-05-31 01:10:00
2024-05-31 01:15:00
2024-05-31 02:24:00
2024-05-31 02:27:00
2024-05-31 02:33:00
2024-05-31 02:59:00
2024-05-31 03:04:00
2024-05-31 03:27:00
finished
